Started GET "/" for 127.0.0.1 at 2018-06-21 21:29:44 +0530
  
ActiveRecord::NoDatabaseError (FATAL:  database "DevcampPortfolio_development" does not exist
):
  
activerecord (5.2.0) lib/active_record/connection_adapters/postgresql_adapter.rb:688:in `rescue in connect'
activerecord (5.2.0) lib/active_record/connection_adapters/postgresql_adapter.rb:684:in `connect'
activerecord (5.2.0) lib/active_record/connection_adapters/postgresql_adapter.rb:215:in `initialize'
activerecord (5.2.0) lib/active_record/connection_adapters/postgresql_adapter.rb:40:in `new'
activerecord (5.2.0) lib/active_record/connection_adapters/postgresql_adapter.rb:40:in `postgresql_connection'
activerecord (5.2.0) lib/active_record/connection_adapters/abstract/connection_pool.rb:809:in `new_connection'
activerecord (5.2.0) lib/active_record/connection_adapters/abstract/connection_pool.rb:853:in `checkout_new_connection'
activerecord (5.2.0) lib/active_record/connection_adapters/abstract/connection_pool.rb:832:in `try_to_checkout_new_connection'
activerecord (5.2.0) lib/active_record/connection_adapters/abstract/connection_pool.rb:793:in `acquire_connection'
activerecord (5.2.0) lib/active_record/connection_adapters/abstract/connection_pool.rb:521:in `checkout'
activerecord (5.2.0) lib/active_record/connection_adapters/abstract/connection_pool.rb:380:in `connection'
activerecord (5.2.0) lib/active_record/connection_adapters/abstract/connection_pool.rb:1008:in `retrieve_connection'
activerecord (5.2.0) lib/active_record/connection_handling.rb:118:in `retrieve_connection'
activerecord (5.2.0) lib/active_record/connection_handling.rb:90:in `connection'
activerecord (5.2.0) lib/active_record/migration.rb:554:in `call'
actionpack (5.2.0) lib/action_dispatch/middleware/callbacks.rb:28:in `block in call'
activesupport (5.2.0) lib/active_support/callbacks.rb:98:in `run_callbacks'
actionpack (5.2.0) lib/action_dispatch/middleware/callbacks.rb:26:in `call'
actionpack (5.2.0) lib/action_dispatch/middleware/executor.rb:14:in `call'
actionpack (5.2.0) lib/action_dispatch/middleware/debug_exceptions.rb:61:in `call'
web-console (3.6.2) lib/web_console/middleware.rb:135:in `call_app'
web-console (3.6.2) lib/web_console/middleware.rb:30:in `block in call'
web-console (3.6.2) lib/web_console/middleware.rb:20:in `catch'
web-console (3.6.2) lib/web_console/middleware.rb:20:in `call'
actionpack (5.2.0) lib/action_dispatch/middleware/show_exceptions.rb:33:in `call'
railties (5.2.0) lib/rails/rack/logger.rb:38:in `call_app'
railties (5.2.0) lib/rails/rack/logger.rb:26:in `block in call'
activesupport (5.2.0) lib/active_support/tagged_logging.rb:71:in `block in tagged'
activesupport (5.2.0) lib/active_support/tagged_logging.rb:28:in `tagged'
activesupport (5.2.0) lib/active_support/tagged_logging.rb:71:in `tagged'
railties (5.2.0) lib/rails/rack/logger.rb:26:in `call'
sprockets-rails (3.2.1) lib/sprockets/rails/quiet_assets.rb:13:in `call'
actionpack (5.2.0) lib/action_dispatch/middleware/remote_ip.rb:81:in `call'
actionpack (5.2.0) lib/action_dispatch/middleware/request_id.rb:27:in `call'
rack (2.0.5) lib/rack/method_override.rb:22:in `call'
rack (2.0.5) lib/rack/runtime.rb:22:in `call'
activesupport (5.2.0) lib/active_support/cache/strategy/local_cache_middleware.rb:29:in `call'
actionpack (5.2.0) lib/action_dispatch/middleware/executor.rb:14:in `call'
actionpack (5.2.0) lib/action_dispatch/middleware/static.rb:127:in `call'
rack (2.0.5) lib/rack/sendfile.rb:111:in `call'
railties (5.2.0) lib/rails/engine.rb:524:in `call'
puma (3.11.4) lib/puma/configuration.rb:225:in `call'
puma (3.11.4) lib/puma/server.rb:632:in `handle_request'
puma (3.11.4) lib/puma/server.rb:446:in `process_client'
puma (3.11.4) lib/puma/server.rb:306:in `block in run'
puma (3.11.4) lib/puma/thread_pool.rb:120:in `block in spawn_thread'
Started GET "/" for 127.0.0.1 at 2018-06-21 21:31:15 +0530
  
ActiveRecord::NoDatabaseError (FATAL:  database "DevcampPortfolio_development" does not exist
):
  
activerecord (5.2.0) lib/active_record/connection_adapters/postgresql_adapter.rb:688:in `rescue in connect'
activerecord (5.2.0) lib/active_record/connection_adapters/postgresql_adapter.rb:684:in `connect'
activerecord (5.2.0) lib/active_record/connection_adapters/postgresql_adapter.rb:215:in `initialize'
activerecord (5.2.0) lib/active_record/connection_adapters/postgresql_adapter.rb:40:in `new'
activerecord (5.2.0) lib/active_record/connection_adapters/postgresql_adapter.rb:40:in `postgresql_connection'
activerecord (5.2.0) lib/active_record/connection_adapters/abstract/connection_pool.rb:809:in `new_connection'
activerecord (5.2.0) lib/active_record/connection_adapters/abstract/connection_pool.rb:853:in `checkout_new_connection'
activerecord (5.2.0) lib/active_record/connection_adapters/abstract/connection_pool.rb:832:in `try_to_checkout_new_connection'
activerecord (5.2.0) lib/active_record/connection_adapters/abstract/connection_pool.rb:793:in `acquire_connection'
activerecord (5.2.0) lib/active_record/connection_adapters/abstract/connection_pool.rb:521:in `checkout'
activerecord (5.2.0) lib/active_record/connection_adapters/abstract/connection_pool.rb:380:in `connection'
activerecord (5.2.0) lib/active_record/connection_adapters/abstract/connection_pool.rb:1008:in `retrieve_connection'
activerecord (5.2.0) lib/active_record/connection_handling.rb:118:in `retrieve_connection'
activerecord (5.2.0) lib/active_record/connection_handling.rb:90:in `connection'
activerecord (5.2.0) lib/active_record/migration.rb:554:in `call'
actionpack (5.2.0) lib/action_dispatch/middleware/callbacks.rb:28:in `block in call'
activesupport (5.2.0) lib/active_support/callbacks.rb:98:in `run_callbacks'
actionpack (5.2.0) lib/action_dispatch/middleware/callbacks.rb:26:in `call'
actionpack (5.2.0) lib/action_dispatch/middleware/executor.rb:14:in `call'
actionpack (5.2.0) lib/action_dispatch/middleware/debug_exceptions.rb:61:in `call'
web-console (3.6.2) lib/web_console/middleware.rb:135:in `call_app'
web-console (3.6.2) lib/web_console/middleware.rb:30:in `block in call'
web-console (3.6.2) lib/web_console/middleware.rb:20:in `catch'
web-console (3.6.2) lib/web_console/middleware.rb:20:in `call'
actionpack (5.2.0) lib/action_dispatch/middleware/show_exceptions.rb:33:in `call'
railties (5.2.0) lib/rails/rack/logger.rb:38:in `call_app'
railties (5.2.0) lib/rails/rack/logger.rb:26:in `block in call'
activesupport (5.2.0) lib/active_support/tagged_logging.rb:71:in `block in tagged'
activesupport (5.2.0) lib/active_support/tagged_logging.rb:28:in `tagged'
activesupport (5.2.0) lib/active_support/tagged_logging.rb:71:in `tagged'
railties (5.2.0) lib/rails/rack/logger.rb:26:in `call'
sprockets-rails (3.2.1) lib/sprockets/rails/quiet_assets.rb:13:in `call'
actionpack (5.2.0) lib/action_dispatch/middleware/remote_ip.rb:81:in `call'
actionpack (5.2.0) lib/action_dispatch/middleware/request_id.rb:27:in `call'
rack (2.0.5) lib/rack/method_override.rb:22:in `call'
rack (2.0.5) lib/rack/runtime.rb:22:in `call'
activesupport (5.2.0) lib/active_support/cache/strategy/local_cache_middleware.rb:29:in `call'
actionpack (5.2.0) lib/action_dispatch/middleware/executor.rb:14:in `call'
actionpack (5.2.0) lib/action_dispatch/middleware/static.rb:127:in `call'
rack (2.0.5) lib/rack/sendfile.rb:111:in `call'
railties (5.2.0) lib/rails/engine.rb:524:in `call'
puma (3.11.4) lib/puma/configuration.rb:225:in `call'
puma (3.11.4) lib/puma/server.rb:632:in `handle_request'
puma (3.11.4) lib/puma/server.rb:446:in `process_client'
puma (3.11.4) lib/puma/server.rb:306:in `block in run'
puma (3.11.4) lib/puma/thread_pool.rb:120:in `block in spawn_thread'
  [1m[35m (494.5ms)[0m  [1m[35mCREATE DATABASE "DevcampPortfolio_development" ENCODING = 'unicode'[0m
  ↳ bin/rails:9
  [1m[35m (352.1ms)[0m  [1m[35mCREATE DATABASE "DevcampPortfolio_test" ENCODING = 'unicode'[0m
  ↳ bin/rails:9
  [1m[35m (12.2ms)[0m  [1m[35mCREATE TABLE "schema_migrations" ("version" character varying NOT NULL PRIMARY KEY)[0m
  ↳ bin/rails:9
  [1m[35m (3.9ms)[0m  [1m[35mCREATE TABLE "ar_internal_metadata" ("key" character varying NOT NULL PRIMARY KEY, "value" character varying, "created_at" timestamp NOT NULL, "updated_at" timestamp NOT NULL)[0m
  ↳ bin/rails:9
  [1m[35m (0.8ms)[0m  [1m[34mSELECT pg_try_advisory_lock(5396089536776303610)[0m
  ↳ bin/rails:9
  [1m[35m (0.6ms)[0m  [1m[34mSELECT "schema_migrations"."version" FROM "schema_migrations" ORDER BY "schema_migrations"."version" ASC[0m
  ↳ bin/rails:9
  [1m[36mActiveRecord::InternalMetadata Load (0.4ms)[0m  [1m[34mSELECT  "ar_internal_metadata".* FROM "ar_internal_metadata" WHERE "ar_internal_metadata"."key" = $1 LIMIT $2[0m  [["key", "environment"], ["LIMIT", 1]]
  ↳ bin/rails:9
  [1m[35m (0.2ms)[0m  [1m[35mBEGIN[0m
  ↳ bin/rails:9
  [1m[36mActiveRecord::InternalMetadata Create (2.2ms)[0m  [1m[32mINSERT INTO "ar_internal_metadata" ("key", "value", "created_at", "updated_at") VALUES ($1, $2, $3, $4) RETURNING "key"[0m  [["key", "environment"], ["value", "development"], ["created_at", "2018-06-21 16:01:38.451157"], ["updated_at", "2018-06-21 16:01:38.451157"]]
  ↳ bin/rails:9
  [1m[35m (0.4ms)[0m  [1m[35mCOMMIT[0m
  ↳ bin/rails:9
  [1m[35m (0.2ms)[0m  [1m[34mSELECT pg_advisory_unlock(5396089536776303610)[0m
  ↳ bin/rails:9
  [1m[35m (0.2ms)[0m  [1m[34mSELECT "schema_migrations"."version" FROM "schema_migrations" ORDER BY "schema_migrations"."version" ASC[0m
  ↳ bin/rails:9
  [1m[35m (0.2ms)[0m  [1m[34mSELECT pg_try_advisory_lock(5396089536776303610)[0m
  ↳ bin/rails:9
  [1m[35m (0.6ms)[0m  [1m[34mSELECT "schema_migrations"."version" FROM "schema_migrations" ORDER BY "schema_migrations"."version" ASC[0m
  ↳ bin/rails:9
  [1m[36mActiveRecord::InternalMetadata Load (5.9ms)[0m  [1m[34mSELECT  "ar_internal_metadata".* FROM "ar_internal_metadata" WHERE "ar_internal_metadata"."key" = $1 LIMIT $2[0m  [["key", "environment"], ["LIMIT", 1]]
  ↳ bin/rails:9
  [1m[35m (0.2ms)[0m  [1m[35mBEGIN[0m
  ↳ bin/rails:9
  [1m[35m (0.1ms)[0m  [1m[35mCOMMIT[0m
  ↳ bin/rails:9
  [1m[35m (0.2ms)[0m  [1m[34mSELECT pg_advisory_unlock(5396089536776303610)[0m
  ↳ bin/rails:9
  [1m[35m (0.2ms)[0m  [1m[34mSELECT "schema_migrations"."version" FROM "schema_migrations" ORDER BY "schema_migrations"."version" ASC[0m
  ↳ bin/rails:9
Started GET "/" for 127.0.0.1 at 2018-06-21 21:32:25 +0530
Processing by Rails::WelcomeController#index as HTML
  Rendering /Users/harsha/.rvm/gems/ruby-2.4.1/gems/railties-5.2.0/lib/rails/templates/rails/welcome/index.html.erb
  Rendered /Users/harsha/.rvm/gems/ruby-2.4.1/gems/railties-5.2.0/lib/rails/templates/rails/welcome/index.html.erb (2.6ms)
Completed 200 OK in 19ms (Views: 7.2ms | ActiveRecord: 0.0ms)


  [1m[35m (0.2ms)[0m  [1m[34mSELECT pg_try_advisory_lock(5396089536776303610)[0m
  ↳ bin/rails:9
  [1m[35m (0.7ms)[0m  [1m[34mSELECT "schema_migrations"."version" FROM "schema_migrations" ORDER BY "schema_migrations"."version" ASC[0m
  ↳ bin/rails:9
Migrating to CreateHarshaBlogs (20180621160731)
  [1m[35m (0.2ms)[0m  [1m[35mBEGIN[0m
  ↳ bin/rails:9
  [1m[35m (15.0ms)[0m  [1m[35mCREATE TABLE "harsha_blogs" ("id" bigserial primary key, "title" character varying, "body" text, "created_at" timestamp NOT NULL, "updated_at" timestamp NOT NULL)[0m
  ↳ db/migrate/20180621160731_create_harsha_blogs.rb:3
  [1m[36mActiveRecord::SchemaMigration Create (0.6ms)[0m  [1m[32mINSERT INTO "schema_migrations" ("version") VALUES ($1) RETURNING "version"[0m  [["version", "20180621160731"]]
  ↳ bin/rails:9
  [1m[35m (0.6ms)[0m  [1m[35mCOMMIT[0m
  ↳ bin/rails:9
  [1m[36mActiveRecord::InternalMetadata Load (0.3ms)[0m  [1m[34mSELECT  "ar_internal_metadata".* FROM "ar_internal_metadata" WHERE "ar_internal_metadata"."key" = $1 LIMIT $2[0m  [["key", "environment"], ["LIMIT", 1]]
  ↳ bin/rails:9
  [1m[35m (0.1ms)[0m  [1m[35mBEGIN[0m
  ↳ bin/rails:9
  [1m[35m (0.1ms)[0m  [1m[35mCOMMIT[0m
  ↳ bin/rails:9
  [1m[35m (0.2ms)[0m  [1m[34mSELECT pg_advisory_unlock(5396089536776303610)[0m
  ↳ bin/rails:9
  [1m[35m (0.3ms)[0m  [1m[34mSELECT "schema_migrations"."version" FROM "schema_migrations" ORDER BY "schema_migrations"."version" ASC[0m
  ↳ bin/rails:9
Started GET "/Harsha_blogs" for 127.0.0.1 at 2018-06-21 21:39:06 +0530
  [1m[35m (1.0ms)[0m  [1m[34mSELECT "schema_migrations"."version" FROM "schema_migrations" ORDER BY "schema_migrations"."version" ASC[0m
  ↳ /Users/harsha/.rvm/gems/ruby-2.4.1/gems/activerecord-5.2.0/lib/active_record/log_subscriber.rb:98
  
ActionController::RoutingError (No route matches [GET] "/Harsha_blogs"):
  
actionpack (5.2.0) lib/action_dispatch/middleware/debug_exceptions.rb:65:in `call'
web-console (3.6.2) lib/web_console/middleware.rb:135:in `call_app'
web-console (3.6.2) lib/web_console/middleware.rb:30:in `block in call'
web-console (3.6.2) lib/web_console/middleware.rb:20:in `catch'
web-console (3.6.2) lib/web_console/middleware.rb:20:in `call'
actionpack (5.2.0) lib/action_dispatch/middleware/show_exceptions.rb:33:in `call'
railties (5.2.0) lib/rails/rack/logger.rb:38:in `call_app'
railties (5.2.0) lib/rails/rack/logger.rb:26:in `block in call'
activesupport (5.2.0) lib/active_support/tagged_logging.rb:71:in `block in tagged'
activesupport (5.2.0) lib/active_support/tagged_logging.rb:28:in `tagged'
activesupport (5.2.0) lib/active_support/tagged_logging.rb:71:in `tagged'
railties (5.2.0) lib/rails/rack/logger.rb:26:in `call'
sprockets-rails (3.2.1) lib/sprockets/rails/quiet_assets.rb:13:in `call'
actionpack (5.2.0) lib/action_dispatch/middleware/remote_ip.rb:81:in `call'
actionpack (5.2.0) lib/action_dispatch/middleware/request_id.rb:27:in `call'
rack (2.0.5) lib/rack/method_override.rb:22:in `call'
rack (2.0.5) lib/rack/runtime.rb:22:in `call'
activesupport (5.2.0) lib/active_support/cache/strategy/local_cache_middleware.rb:29:in `call'
actionpack (5.2.0) lib/action_dispatch/middleware/executor.rb:14:in `call'
actionpack (5.2.0) lib/action_dispatch/middleware/static.rb:127:in `call'
rack (2.0.5) lib/rack/sendfile.rb:111:in `call'
railties (5.2.0) lib/rails/engine.rb:524:in `call'
puma (3.11.4) lib/puma/configuration.rb:225:in `call'
puma (3.11.4) lib/puma/server.rb:632:in `handle_request'
puma (3.11.4) lib/puma/server.rb:446:in `process_client'
puma (3.11.4) lib/puma/server.rb:306:in `block in run'
puma (3.11.4) lib/puma/thread_pool.rb:120:in `block in spawn_thread'
Started GET "/harsha_blogs" for 127.0.0.1 at 2018-06-21 21:39:13 +0530
Processing by HarshaBlogsController#index as HTML
  Rendering harsha_blogs/index.html.erb within layouts/application
  [1m[36mHarshaBlog Load (1.4ms)[0m  [1m[34mSELECT "harsha_blogs".* FROM "harsha_blogs"[0m
  ↳ app/views/harsha_blogs/index.html.erb:15
  Rendered harsha_blogs/index.html.erb within layouts/application (11.5ms)
Completed 200 OK in 601ms (Views: 587.1ms | ActiveRecord: 6.6ms)


Started GET "/harsha_blogs/new" for 127.0.0.1 at 2018-06-21 21:39:16 +0530
Processing by HarshaBlogsController#new as HTML
  Rendering harsha_blogs/new.html.erb within layouts/application
  Rendered harsha_blogs/_form.html.erb (22.0ms)
  Rendered harsha_blogs/new.html.erb within layouts/application (24.7ms)
Completed 200 OK in 73ms (Views: 46.7ms | ActiveRecord: 7.3ms)


Started POST "/harsha_blogs" for 127.0.0.1 at 2018-06-21 21:39:47 +0530
Processing by HarshaBlogsController#create as HTML
  Parameters: {"utf8"=>"✓", "authenticity_token"=>"Cj15xB6NC87hmcADHm3JQHAi6mnvjSzGL+WWMO2Zg+75EIry8YGYff9rJvlXrqcLiWG9PGsI4ax+BxxbXiHg4g==", "harsha_blog"=>{"title"=>"First blog", "body"=>"this is my first blog\r\n"}, "commit"=>"Create Harsha blog"}
  [1m[35m (0.2ms)[0m  [1m[35mBEGIN[0m
  ↳ app/controllers/harsha_blogs_controller.rb:30
  [1m[36mHarshaBlog Create (1.1ms)[0m  [1m[32mINSERT INTO "harsha_blogs" ("title", "body", "created_at", "updated_at") VALUES ($1, $2, $3, $4) RETURNING "id"[0m  [["title", "First blog"], ["body", "this is my first blog\r\n"], ["created_at", "2018-06-21 16:09:47.678746"], ["updated_at", "2018-06-21 16:09:47.678746"]]
  ↳ app/controllers/harsha_blogs_controller.rb:30
  [1m[35m (0.4ms)[0m  [1m[35mCOMMIT[0m
  ↳ app/controllers/harsha_blogs_controller.rb:30
Redirected to http://localhost:3000/harsha_blogs/1
Completed 302 Found in 6ms (ActiveRecord: 1.6ms)


Started GET "/harsha_blogs/1" for 127.0.0.1 at 2018-06-21 21:39:47 +0530
Processing by HarshaBlogsController#show as HTML
  Parameters: {"id"=>"1"}
  [1m[36mHarshaBlog Load (0.3ms)[0m  [1m[34mSELECT  "harsha_blogs".* FROM "harsha_blogs" WHERE "harsha_blogs"."id" = $1 LIMIT $2[0m  [["id", 1], ["LIMIT", 1]]
  ↳ app/controllers/harsha_blogs_controller.rb:67
  Rendering harsha_blogs/show.html.erb within layouts/application
  Rendered harsha_blogs/show.html.erb within layouts/application (0.6ms)
Completed 200 OK in 27ms (Views: 20.4ms | ActiveRecord: 0.5ms)


Started GET "/harsha_blogs" for 127.0.0.1 at 2018-06-21 21:39:50 +0530
Processing by HarshaBlogsController#index as HTML
  Rendering harsha_blogs/index.html.erb within layouts/application
  [1m[36mHarshaBlog Load (0.4ms)[0m  [1m[34mSELECT "harsha_blogs".* FROM "harsha_blogs"[0m
  ↳ app/views/harsha_blogs/index.html.erb:15
  Rendered harsha_blogs/index.html.erb within layouts/application (2.1ms)
Completed 200 OK in 33ms (Views: 28.2ms | ActiveRecord: 0.4ms)


Started GET "/blogs" for 127.0.0.1 at 2018-06-26 12:12:25 +0530
  [1m[35m (0.9ms)[0m  [1m[34mSELECT "schema_migrations"."version" FROM "schema_migrations" ORDER BY "schema_migrations"."version" ASC[0m
  ↳ /Users/harsha/.rvm/gems/ruby-2.4.1/gems/activerecord-5.2.0/lib/active_record/log_subscriber.rb:98
  
ActionController::RoutingError (No route matches [GET] "/blogs"):
  
actionpack (5.2.0) lib/action_dispatch/middleware/debug_exceptions.rb:65:in `call'
web-console (3.6.2) lib/web_console/middleware.rb:135:in `call_app'
web-console (3.6.2) lib/web_console/middleware.rb:30:in `block in call'
web-console (3.6.2) lib/web_console/middleware.rb:20:in `catch'
web-console (3.6.2) lib/web_console/middleware.rb:20:in `call'
actionpack (5.2.0) lib/action_dispatch/middleware/show_exceptions.rb:33:in `call'
railties (5.2.0) lib/rails/rack/logger.rb:38:in `call_app'
railties (5.2.0) lib/rails/rack/logger.rb:26:in `block in call'
activesupport (5.2.0) lib/active_support/tagged_logging.rb:71:in `block in tagged'
activesupport (5.2.0) lib/active_support/tagged_logging.rb:28:in `tagged'
activesupport (5.2.0) lib/active_support/tagged_logging.rb:71:in `tagged'
railties (5.2.0) lib/rails/rack/logger.rb:26:in `call'
sprockets-rails (3.2.1) lib/sprockets/rails/quiet_assets.rb:13:in `call'
actionpack (5.2.0) lib/action_dispatch/middleware/remote_ip.rb:81:in `call'
actionpack (5.2.0) lib/action_dispatch/middleware/request_id.rb:27:in `call'
rack (2.0.5) lib/rack/method_override.rb:22:in `call'
rack (2.0.5) lib/rack/runtime.rb:22:in `call'
activesupport (5.2.0) lib/active_support/cache/strategy/local_cache_middleware.rb:29:in `call'
actionpack (5.2.0) lib/action_dispatch/middleware/executor.rb:14:in `call'
actionpack (5.2.0) lib/action_dispatch/middleware/static.rb:127:in `call'
rack (2.0.5) lib/rack/sendfile.rb:111:in `call'
railties (5.2.0) lib/rails/engine.rb:524:in `call'
puma (3.11.4) lib/puma/configuration.rb:225:in `call'
puma (3.11.4) lib/puma/server.rb:632:in `handle_request'
puma (3.11.4) lib/puma/server.rb:446:in `process_client'
puma (3.11.4) lib/puma/server.rb:306:in `block in run'
puma (3.11.4) lib/puma/thread_pool.rb:120:in `block in spawn_thread'
Started GET "/" for 127.0.0.1 at 2018-06-26 12:12:30 +0530
Processing by Rails::WelcomeController#index as HTML
  Rendering /Users/harsha/.rvm/gems/ruby-2.4.1/gems/railties-5.2.0/lib/rails/templates/rails/welcome/index.html.erb
  Rendered /Users/harsha/.rvm/gems/ruby-2.4.1/gems/railties-5.2.0/lib/rails/templates/rails/welcome/index.html.erb (1.9ms)
Completed 200 OK in 9ms (Views: 5.3ms | ActiveRecord: 0.0ms)


Started GET "/blogs" for 127.0.0.1 at 2018-06-26 12:12:38 +0530
  
ActionController::RoutingError (No route matches [GET] "/blogs"):
  
actionpack (5.2.0) lib/action_dispatch/middleware/debug_exceptions.rb:65:in `call'
web-console (3.6.2) lib/web_console/middleware.rb:135:in `call_app'
web-console (3.6.2) lib/web_console/middleware.rb:30:in `block in call'
web-console (3.6.2) lib/web_console/middleware.rb:20:in `catch'
web-console (3.6.2) lib/web_console/middleware.rb:20:in `call'
actionpack (5.2.0) lib/action_dispatch/middleware/show_exceptions.rb:33:in `call'
railties (5.2.0) lib/rails/rack/logger.rb:38:in `call_app'
railties (5.2.0) lib/rails/rack/logger.rb:26:in `block in call'
activesupport (5.2.0) lib/active_support/tagged_logging.rb:71:in `block in tagged'
activesupport (5.2.0) lib/active_support/tagged_logging.rb:28:in `tagged'
activesupport (5.2.0) lib/active_support/tagged_logging.rb:71:in `tagged'
railties (5.2.0) lib/rails/rack/logger.rb:26:in `call'
sprockets-rails (3.2.1) lib/sprockets/rails/quiet_assets.rb:13:in `call'
actionpack (5.2.0) lib/action_dispatch/middleware/remote_ip.rb:81:in `call'
actionpack (5.2.0) lib/action_dispatch/middleware/request_id.rb:27:in `call'
rack (2.0.5) lib/rack/method_override.rb:22:in `call'
rack (2.0.5) lib/rack/runtime.rb:22:in `call'
activesupport (5.2.0) lib/active_support/cache/strategy/local_cache_middleware.rb:29:in `call'
actionpack (5.2.0) lib/action_dispatch/middleware/executor.rb:14:in `call'
actionpack (5.2.0) lib/action_dispatch/middleware/static.rb:127:in `call'
rack (2.0.5) lib/rack/sendfile.rb:111:in `call'
railties (5.2.0) lib/rails/engine.rb:524:in `call'
puma (3.11.4) lib/puma/configuration.rb:225:in `call'
puma (3.11.4) lib/puma/server.rb:632:in `handle_request'
puma (3.11.4) lib/puma/server.rb:446:in `process_client'
puma (3.11.4) lib/puma/server.rb:306:in `block in run'
puma (3.11.4) lib/puma/thread_pool.rb:120:in `block in spawn_thread'
Started GET "/harsha_blogs" for 127.0.0.1 at 2018-06-26 12:12:49 +0530
Processing by HarshaBlogsController#index as HTML
  Rendering harsha_blogs/index.html.erb within layouts/application
  [1m[36mHarshaBlog Load (1.3ms)[0m  [1m[34mSELECT "harsha_blogs".* FROM "harsha_blogs"[0m
  ↳ app/views/harsha_blogs/index.html.erb:15
  Rendered harsha_blogs/index.html.erb within layouts/application (17.1ms)
Completed 200 OK in 260ms (Views: 245.7ms | ActiveRecord: 9.9ms)


Started GET "/harsha_blogs/new" for 127.0.0.1 at 2018-06-26 12:17:45 +0530
Processing by HarshaBlogsController#new as HTML
  Rendering harsha_blogs/new.html.erb within layouts/application
  Rendered harsha_blogs/_form.html.erb (22.9ms)
  Rendered harsha_blogs/new.html.erb within layouts/application (26.0ms)
Completed 200 OK in 47ms (Views: 42.3ms | ActiveRecord: 0.0ms)


Started GET "/harsha_blogs" for 127.0.0.1 at 2018-06-26 12:20:22 +0530
Processing by HarshaBlogsController#index as HTML
  Rendering harsha_blogs/index.html.erb within layouts/application
  [1m[36mHarshaBlog Load (3.2ms)[0m  [1m[34mSELECT "harsha_blogs".* FROM "harsha_blogs"[0m
  ↳ app/views/harsha_blogs/index.html.erb:15
  Rendered harsha_blogs/index.html.erb within layouts/application (5.7ms)
Completed 200 OK in 44ms (Views: 38.7ms | ActiveRecord: 3.2ms)


Started GET "/harsha_blogs/1" for 127.0.0.1 at 2018-06-26 12:20:24 +0530
Processing by HarshaBlogsController#show as HTML
  Parameters: {"id"=>"1"}
  [1m[36mHarshaBlog Load (1.1ms)[0m  [1m[34mSELECT  "harsha_blogs".* FROM "harsha_blogs" WHERE "harsha_blogs"."id" = $1 LIMIT $2[0m  [["id", 1], ["LIMIT", 1]]
  ↳ app/controllers/harsha_blogs_controller.rb:67
  Rendering harsha_blogs/show.html.erb within layouts/application
  Rendered harsha_blogs/show.html.erb within layouts/application (0.7ms)
Completed 200 OK in 44ms (Views: 18.0ms | ActiveRecord: 1.5ms)


Started GET "/harsha_blogs" for 127.0.0.1 at 2018-06-26 12:20:25 +0530
Processing by HarshaBlogsController#index as HTML
  Rendering harsha_blogs/index.html.erb within layouts/application
  [1m[36mHarshaBlog Load (0.3ms)[0m  [1m[34mSELECT "harsha_blogs".* FROM "harsha_blogs"[0m
  ↳ app/views/harsha_blogs/index.html.erb:15
  Rendered harsha_blogs/index.html.erb within layouts/application (2.2ms)
Completed 200 OK in 31ms (Views: 28.7ms | ActiveRecord: 0.3ms)


Started GET "/" for 127.0.0.1 at 2018-06-29 12:14:47 +0530
  [1m[35m (4.0ms)[0m  [1m[34mSELECT "schema_migrations"."version" FROM "schema_migrations" ORDER BY "schema_migrations"."version" ASC[0m
  ↳ /Users/harsha/.rvm/gems/ruby-2.4.1/gems/activerecord-5.2.0/lib/active_record/log_subscriber.rb:98
Processing by Rails::WelcomeController#index as HTML
  Rendering /Users/harsha/.rvm/gems/ruby-2.4.1/gems/railties-5.2.0/lib/rails/templates/rails/welcome/index.html.erb
  Rendered /Users/harsha/.rvm/gems/ruby-2.4.1/gems/railties-5.2.0/lib/rails/templates/rails/welcome/index.html.erb (2.9ms)
Completed 200 OK in 21ms (Views: 8.7ms | ActiveRecord: 0.0ms)


Started GET "/" for 127.0.0.1 at 2018-06-29 12:21:22 +0530
  [1m[35m (0.8ms)[0m  [1m[34mSELECT "schema_migrations"."version" FROM "schema_migrations" ORDER BY "schema_migrations"."version" ASC[0m
  ↳ /Users/harsha/.rvm/gems/ruby-2.4.1/gems/activerecord-5.2.0/lib/active_record/log_subscriber.rb:98
Processing by Rails::WelcomeController#index as HTML
  Rendering /Users/harsha/.rvm/gems/ruby-2.4.1/gems/railties-5.2.0/lib/rails/templates/rails/welcome/index.html.erb
  Rendered /Users/harsha/.rvm/gems/ruby-2.4.1/gems/railties-5.2.0/lib/rails/templates/rails/welcome/index.html.erb (2.7ms)
Completed 200 OK in 17ms (Views: 8.0ms | ActiveRecord: 0.0ms)


Started GET "/home" for 127.0.0.1 at 2018-06-29 12:21:25 +0530
  
ActionController::RoutingError (No route matches [GET] "/home"):
  
actionpack (5.2.0) lib/action_dispatch/middleware/debug_exceptions.rb:65:in `call'
web-console (3.6.2) lib/web_console/middleware.rb:135:in `call_app'
web-console (3.6.2) lib/web_console/middleware.rb:30:in `block in call'
web-console (3.6.2) lib/web_console/middleware.rb:20:in `catch'
web-console (3.6.2) lib/web_console/middleware.rb:20:in `call'
actionpack (5.2.0) lib/action_dispatch/middleware/show_exceptions.rb:33:in `call'
railties (5.2.0) lib/rails/rack/logger.rb:38:in `call_app'
railties (5.2.0) lib/rails/rack/logger.rb:26:in `block in call'
activesupport (5.2.0) lib/active_support/tagged_logging.rb:71:in `block in tagged'
activesupport (5.2.0) lib/active_support/tagged_logging.rb:28:in `tagged'
activesupport (5.2.0) lib/active_support/tagged_logging.rb:71:in `tagged'
railties (5.2.0) lib/rails/rack/logger.rb:26:in `call'
sprockets-rails (3.2.1) lib/sprockets/rails/quiet_assets.rb:13:in `call'
actionpack (5.2.0) lib/action_dispatch/middleware/remote_ip.rb:81:in `call'
actionpack (5.2.0) lib/action_dispatch/middleware/request_id.rb:27:in `call'
rack (2.0.5) lib/rack/method_override.rb:22:in `call'
rack (2.0.5) lib/rack/runtime.rb:22:in `call'
activesupport (5.2.0) lib/active_support/cache/strategy/local_cache_middleware.rb:29:in `call'
actionpack (5.2.0) lib/action_dispatch/middleware/executor.rb:14:in `call'
actionpack (5.2.0) lib/action_dispatch/middleware/static.rb:127:in `call'
rack (2.0.5) lib/rack/sendfile.rb:111:in `call'
railties (5.2.0) lib/rails/engine.rb:524:in `call'
puma (3.11.4) lib/puma/configuration.rb:225:in `call'
puma (3.11.4) lib/puma/server.rb:632:in `handle_request'
puma (3.11.4) lib/puma/server.rb:446:in `process_client'
puma (3.11.4) lib/puma/server.rb:306:in `block in run'
puma (3.11.4) lib/puma/thread_pool.rb:120:in `block in spawn_thread'
Started GET "/pages/home" for 127.0.0.1 at 2018-06-29 12:21:33 +0530
Processing by PagesController#home as HTML
  Rendering pages/home.html.erb within layouts/application
  Rendered pages/home.html.erb within layouts/application (0.3ms)
Completed 200 OK in 249ms (Views: 246.0ms | ActiveRecord: 0.0ms)


Started GET "/pages/home" for 127.0.0.1 at 2018-06-29 12:34:11 +0530
  [1m[35m (7.7ms)[0m  [1m[34mSELECT "schema_migrations"."version" FROM "schema_migrations" ORDER BY "schema_migrations"."version" ASC[0m
  ↳ /Users/harsha/.rvm/gems/ruby-2.4.1/gems/activerecord-5.2.0/lib/active_record/log_subscriber.rb:98
Processing by PagesController#home as HTML
  Rendering pages/home.html.erb within layouts/application
  Rendered pages/home.html.erb within layouts/application (1.5ms)
Completed 500 Internal Server Error in 201ms (ActiveRecord: 0.0ms)


  
ActionView::Template::Error (Invalid CSS after "  }": expected "}", was ""):
     5:     <%= csrf_meta_tags %>
     6:     <%= csp_meta_tag %>
     7: 
     8:     <%= stylesheet_link_tag    'application', media: 'all', 'data-turbolinks-track': 'reload' %>
     9:     <%= javascript_include_tag 'application', 'data-turbolinks-track': 'reload' %>
    10:   </head>
    11: 
  
app/assets/stylesheets/pages.scss:321
app/views/layouts/application.html.erb:8:in `_app_views_layouts_application_html_erb__4092112230638894774_70192867254480'
Started GET "/pages/home" for 127.0.0.1 at 2018-06-29 12:35:02 +0530
Processing by PagesController#home as HTML
  Rendering pages/home.html.erb within layouts/application
  Rendered pages/home.html.erb within layouts/application (0.2ms)
Completed 200 OK in 123ms (Views: 121.3ms | ActiveRecord: 0.0ms)


Started GET "/pages/home" for 127.0.0.1 at 2018-06-29 12:43:10 +0530
Processing by PagesController#home as HTML
  Rendering pages/home.html.erb within layouts/application
  Rendered pages/home.html.erb within layouts/application (0.4ms)
Completed 200 OK in 22ms (Views: 17.9ms | ActiveRecord: 0.0ms)


Started GET "/" for 127.0.0.1 at 2018-06-29 12:43:41 +0530
Processing by Rails::WelcomeController#index as HTML
  Rendering /Users/harsha/.rvm/gems/ruby-2.4.1/gems/railties-5.2.0/lib/rails/templates/rails/welcome/index.html.erb
  Rendered /Users/harsha/.rvm/gems/ruby-2.4.1/gems/railties-5.2.0/lib/rails/templates/rails/welcome/index.html.erb (2.2ms)
Completed 200 OK in 10ms (Views: 6.1ms | ActiveRecord: 0.0ms)


Started GET "/harsha_blogs" for 127.0.0.1 at 2018-06-29 12:43:47 +0530
Processing by HarshaBlogsController#index as HTML
  Rendering harsha_blogs/index.html.erb within layouts/application
  [1m[36mHarshaBlog Load (25.0ms)[0m  [1m[34mSELECT "harsha_blogs".* FROM "harsha_blogs"[0m
  ↳ app/views/harsha_blogs/index.html.erb:15
  Rendered harsha_blogs/index.html.erb within layouts/application (54.2ms)
Completed 200 OK in 72ms (Views: 22.5ms | ActiveRecord: 46.6ms)


Started GET "/harsha_blogs/new" for 127.0.0.1 at 2018-06-29 12:43:56 +0530
Processing by HarshaBlogsController#new as HTML
  Rendering harsha_blogs/new.html.erb within layouts/application
  Rendered harsha_blogs/_form.html.erb (14.0ms)
  Rendered harsha_blogs/new.html.erb within layouts/application (17.2ms)
Completed 200 OK in 46ms (Views: 35.4ms | ActiveRecord: 0.0ms)


Started POST "/harsha_blogs" for 127.0.0.1 at 2018-06-29 12:44:03 +0530
Processing by HarshaBlogsController#create as HTML
  Parameters: {"utf8"=>"✓", "authenticity_token"=>"yFeFVKjhAYrYunkKFQuFg8BkhGWy47udplKUsHGNANGwc2dHd+P+QUT1J1ypcoOX2LQmG1lX2OlL1FCNbDSogg==", "harsha_blog"=>{"title"=>"second", "body"=>"dcdcd"}, "commit"=>"Create Harsha blog"}
  [1m[35m (11.4ms)[0m  [1m[35mBEGIN[0m
  ↳ app/controllers/harsha_blogs_controller.rb:30
  [1m[36mHarshaBlog Create (24.2ms)[0m  [1m[32mINSERT INTO "harsha_blogs" ("title", "body", "created_at", "updated_at") VALUES ($1, $2, $3, $4) RETURNING "id"[0m  [["title", "second"], ["body", "dcdcd"], ["created_at", "2018-06-29 07:14:03.554352"], ["updated_at", "2018-06-29 07:14:03.554352"]]
  ↳ app/controllers/harsha_blogs_controller.rb:30
  [1m[35m (2.0ms)[0m  [1m[35mCOMMIT[0m
  ↳ app/controllers/harsha_blogs_controller.rb:30
Redirected to http://localhost:3000/harsha_blogs/2
Completed 302 Found in 43ms (ActiveRecord: 37.6ms)


Started GET "/harsha_blogs/2" for 127.0.0.1 at 2018-06-29 12:44:03 +0530
Processing by HarshaBlogsController#show as HTML
  Parameters: {"id"=>"2"}
  [1m[36mHarshaBlog Load (5.8ms)[0m  [1m[34mSELECT  "harsha_blogs".* FROM "harsha_blogs" WHERE "harsha_blogs"."id" = $1 LIMIT $2[0m  [["id", 2], ["LIMIT", 1]]
  ↳ app/controllers/harsha_blogs_controller.rb:67
  Rendering harsha_blogs/show.html.erb within layouts/application
  Rendered harsha_blogs/show.html.erb within layouts/application (0.7ms)
Completed 200 OK in 46ms (Views: 25.6ms | ActiveRecord: 6.1ms)


Started GET "/pages/home" for 127.0.0.1 at 2018-06-29 12:44:11 +0530
Processing by PagesController#home as HTML
  Rendering pages/home.html.erb within layouts/application
  Rendered pages/home.html.erb within layouts/application (0.3ms)
Completed 200 OK in 17ms (Views: 15.6ms | ActiveRecord: 0.0ms)


Started GET "/pages/home" for 127.0.0.1 at 2018-06-29 12:44:47 +0530
Processing by PagesController#home as HTML
  Rendering pages/home.html.erb within layouts/application
  [1m[36mHarshaBlog Load (0.5ms)[0m  [1m[34mSELECT  "harsha_blogs".* FROM "harsha_blogs" LIMIT $1[0m  [["LIMIT", 11]]
  ↳ app/views/pages/home.html.erb:1
  Rendered pages/home.html.erb within layouts/application (2.6ms)
Completed 200 OK in 19ms (Views: 16.1ms | ActiveRecord: 0.5ms)


